\BOOKMARK [0][-]{section*.1}{Acknowledgements}{}% 1
\BOOKMARK [0][-]{section*.2}{Abstract}{}% 2
\BOOKMARK [0][-]{section*.4}{Outline of the Thesis}{}% 3
\BOOKMARK [0][-]{chapter.1}{Introduction}{}% 4
\BOOKMARK [1][-]{section.1.1}{Latex Introduction}{chapter.1}% 5
\BOOKMARK [0][-]{chapter.2}{Motivation}{}% 6
\BOOKMARK [0][-]{chapter.3}{Overview}{}% 7
\BOOKMARK [1][-]{section.3.1}{Motivation}{chapter.3}% 8
\BOOKMARK [0][-]{chapter.4}{Evaluation}{}% 9
\BOOKMARK [1][-]{section.4.1}{Methodology}{chapter.4}% 10
\BOOKMARK [1][-]{section.4.2}{Classification}{chapter.4}% 11
\BOOKMARK [2][-]{subsection.4.2.1}{Callsites}{section.4.2}% 12
\BOOKMARK [2][-]{subsection.4.2.2}{Calltargets}{section.4.2}% 13
\BOOKMARK [1][-]{section.4.3}{Patching Policies}{chapter.4}% 14
\BOOKMARK [2][-]{subsection.4.3.1}{AT}{section.4.3}% 15
\BOOKMARK [2][-]{subsection.4.3.2}{ParamCount}{section.4.3}% 16
\BOOKMARK [2][-]{subsection.4.3.3}{ParamType}{section.4.3}% 17
\BOOKMARK [1][-]{section.4.4}{Security Evaluation}{chapter.4}% 18
\BOOKMARK [1][-]{section.4.5}{Performance}{chapter.4}% 19
\BOOKMARK [0][-]{chapter.5}{Related Work}{}% 20
\BOOKMARK [0][-]{chapter.6}{Discussion}{}% 21
\BOOKMARK [0][-]{chapter.7}{Conclusion and Future Work}{}% 22
\BOOKMARK [0][-]{chapter*.7}{Bibliography}{}% 23
