padyn CT 421 421 421
padyn AT 65 65 65
padyn CS 198
padyn  config_read
padyn  network_write_chunkqueue
padyn  configparserAlloc
padyn  configparserFree
padyn  configparser
padyn  configparser
padyn  configparser
padyn  configparser
padyn  configparser
padyn  configparser
padyn  configparser
padyn  configparser
padyn  yy_destructor
padyn  http_request_parse
padyn  http_request_parse
padyn  main
padyn  main
padyn  configparser_merge_data
padyn  configparser_merge_data
padyn  pcre_keyvalue_buffer_free
padyn  pcre_keyvalue_buffer_free
padyn  fdevent_free
padyn  fdevent_reset
padyn  fdevent_event_del
padyn  fdevent_event_set
padyn  fdevent_poll
padyn  fdevent_event_get_revent
padyn  fdevent_event_get_fd
padyn  fdevent_fcntl_set
padyn  fdevent_event_next_fdndx
padyn  plugins_load
padyn  plugins_call_handle_uri_clean
padyn  plugins_call_handle_uri_raw
padyn  plugins_call_handle_request_done
padyn  plugins_call_handle_connection_close
padyn  plugins_call_handle_subrequest
padyn  plugins_call_handle_subrequest_start
padyn  plugins_call_handle_joblist
padyn  plugins_call_handle_docroot
padyn  plugins_call_handle_physical
padyn  plugins_call_connection_reset
padyn  plugins_call_handle_trigger
padyn  plugins_call_handle_sighup
padyn  plugins_call_cleanup
padyn  plugins_call_set_defaults
padyn  plugins_call_init
padyn  plugins_free
padyn  array_init_array
padyn  array_free
padyn  array_reset
padyn  array_insert_unique
padyn  array_insert_unique
padyn  array_print
padyn  array_print
padyn  data_string_insert_dup
padyn  data_response_insert_dup
padyn  _IO_putc
padyn  select
padyn  poll
padyn  epoll_create
padyn  epoll_wait
padyn  data_count_insert_dup
padyn  data_array_insert_dup
padyn  data_integer_insert_dup
padyn  data_fastcgi_insert_dup
padyn  data_config_free
padyn  data_config_free
padyn  data_config_insert_dup
padyn  data_config_print
padyn  data_config_print
padyn  data_config_print
padyn  __libc_start_main
padyn  setlocale
padyn  calloc
padyn  fopen64
padyn  fread
padyn  srand
padyn  time
padyn  getpid
padyn  rand
padyn  fclose
padyn  getuid
padyn  getopt
padyn  fputc
padyn  puts
padyn  write
padyn  printf
padyn  geteuid
padyn  getegid
padyn  getgid
padyn  fwrite
padyn  open64
padyn  __errno_location
padyn  __xstat64
padyn  strerror
padyn  getrlimit64
padyn  setrlimit64
padyn  getpwnam
padyn  signal
padyn  fork
padyn  setsid
padyn  chdir
padyn  close
padyn  strncmp
padyn  sigaction
padyn  sigemptyset
padyn  getgrnam
padyn  setgid
padyn  setgroups
padyn  initgroups
padyn  tzset
padyn  chroot
padyn  setuid
padyn  prctl
padyn  __assert_fail
padyn  wait
padyn  kill
padyn  unlink
padyn  exit
padyn  fprintf
padyn  abort
padyn  free
padyn  strncasecmp
padyn  strcasecmp
padyn  gmtime
padyn  strftime
padyn  strlen
padyn  strchr
padyn  strrchr
padyn  accept
padyn  realloc
padyn  malloc
padyn  read
padyn  shutdown
padyn  ioctl
padyn  fcntl
padyn  strtol
padyn  socket
padyn  setsockopt
padyn  strcpy
padyn  connect
padyn  gethostbyname
padyn  getaddrinfo
padyn  gai_strerror
padyn  __h_errno_location
padyn  memcpy
padyn  freeaddrinfo
padyn  bind
padyn  listen
padyn  __ctype_b_loc
padyn  strcmp
padyn  getcwd
padyn  getenv
padyn  pcre_compile
padyn  pcre_study
padyn  pcre_fullinfo
padyn  strtoul
padyn  memchr
padyn  memmove
padyn  strstr
padyn  waitpid
padyn  pipe
padyn  dup2
padyn  perror
padyn  execl
padyn  _exit
padyn  memset
padyn  memcmp
padyn  localtime
padyn  syslog
padyn  openlog
padyn  dup
padyn  closelog
padyn  __strdup
padyn  munmap
padyn  mkstemp64
padyn  mmap64
padyn  __lxstat64
padyn  dlopen
padyn  dlsym
padyn  dlerror
padyn  dlclose
padyn  epoll_ctl
padyn  fputs
padyn  inet_ntop
padyn  pcre_exec
padyn  inet_aton
padyn  getsockname
padyn  getnameinfo
padyn  gethostbyaddr
padyn  inet_ntoa
padyn  strncpy
padyn  strptime
padyn  mktime
padyn  sendfile64
padyn  writev
padyn  sysconf
padyn  madvise
