\BOOKMARK [1][-]{section.1}{Introduction}{}% 1
\BOOKMARK [1][-]{section.2}{C++ Forbidden Forward Calls Exposed}{}% 2
\BOOKMARK [1][-]{section.3}{TypeShield Overview}{}% 3
\BOOKMARK [1][-]{section.4}{Design}{}% 4
\BOOKMARK [1][-]{section.5}{Implementation}{}% 5
\BOOKMARK [1][-]{section.6}{Evaluation}{}% 6
\BOOKMARK [2][-]{subsection.6.1}{Precision of TypeShield}{section.6}% 7
\BOOKMARK [3][-]{subsubsection.6.1.1}{Quality and Applicability of Ground Truth}{subsection.6.1}% 8
\BOOKMARK [3][-]{subsubsection.6.1.2}{Precision Calltarget Classification \(count\)}{subsection.6.1}% 9
\BOOKMARK [3][-]{subsubsection.6.1.3}{Precision Callsite Classification \(count\)}{subsection.6.1}% 10
\BOOKMARK [3][-]{subsubsection.6.1.4}{Without inter-procedural Analysis}{subsection.6.1}% 11
\BOOKMARK [3][-]{subsubsection.6.1.5}{With inter-procedural Analysis}{subsection.6.1}% 12
\BOOKMARK [3][-]{subsubsection.6.1.6}{Precision Calltarget Classification \(type\)}{subsection.6.1}% 13
\BOOKMARK [3][-]{subsubsection.6.1.7}{Precision Callsite Classification \(type\)}{subsection.6.1}% 14
\BOOKMARK [2][-]{subsection.6.2}{Effectiveness of TypeShield}{section.6}% 15
\BOOKMARK [2][-]{subsection.6.3}{Theoretical Limits}{section.6}% 16
\BOOKMARK [3][-]{subsubsection.6.3.1}{TypeShield implementation of the count policy}{subsection.6.3}% 17
\BOOKMARK [3][-]{subsubsection.6.3.2}{TypeShield implementation of the type policy}{subsection.6.3}% 18
\BOOKMARK [3][-]{subsubsection.6.3.3}{Effect of our AddressTaken Analysis}{subsection.6.3}% 19
\BOOKMARK [1][-]{section.7}{Discussion}{}% 20
\BOOKMARK [1][-]{section.8}{Related Work}{}% 21
\BOOKMARK [1][-]{section.9}{Future Work}{}% 22
\BOOKMARK [1][-]{section.10}{Conclusion}{}% 23
