repne scasw word ptr [edi] unimplemented[576]
sysenter  unimplemented[629]
repne scasw word ptr [edi] unimplemented[576]
lock cmpxchg8b qword ptr [ebp] unimplemented[82]
nop  unimplemented[359]
nop  unimplemented[359]
nop  unimplemented[359]
nop  unimplemented[359]
nop  unimplemented[359]
nop  unimplemented[359]
nop  unimplemented[359]
nop  unimplemented[359]
nop  unimplemented[359]
nop  unimplemented[359]
nop  unimplemented[359]
nop  unimplemented[359]
nop  unimplemented[359]
nop  unimplemented[359]
lock cmpxchg8b qword ptr [ebp] unimplemented[82]
repne scasw word ptr [edi] unimplemented[576]
repne scasw word ptr [edi] unimplemented[576]
fwait  unimplemented[213]
fnclex  unimplemented[182]
cpuid  unimplemented[85]
movapd xmm0, xmm1 unimplemented[309]
repne scasw word ptr [edi] unimplemented[576]
nop  unimplemented[359]
nop  unimplemented[359]
nop  unimplemented[359]
nop  unimplemented[359]
nop  unimplemented[359]
nop  unimplemented[359]
nop  unimplemented[359]
nop  unimplemented[359]
nop  unimplemented[359]
nop  unimplemented[359]
nop  unimplemented[359]
nop  unimplemented[359]
nop  unimplemented[359]
nop  unimplemented[359]
nop  unimplemented[359]
nop  unimplemented[359]
nop  unimplemented[359]
nop  unimplemented[359]
nop  unimplemented[359]
nop  unimplemented[359]
nop  unimplemented[359]
cpuid  unimplemented[85]
cpuid  unimplemented[85]
cpuid  unimplemented[85]
cpuid  unimplemented[85]
nop  unimplemented[359]
fninit  unimplemented[183]
data16 nop  unimplemented[359]
data16 nop  unimplemented[359]
