0x7c93e512: NtProtectVirtualMemory 0089(arg 0xffffffff, arg 0x22fa38, arg 0x22fa20, arg 0x4, arg 0x22fa24, )
returns: 0x0
0x7c93e512: NtProtectVirtualMemory 0089(arg 0xffffffff, arg 0x22fa38, arg 0x22fa20, arg 0x8, arg 0x22fa24, )
returns: 0x0
0x7c93e512: NtFlushInstructionCache 004e(arg 0xffffffff, arg 0x407000, arg 0xac, )
returns: 0x0
0x7c93e512: NtOpenSection 007d(arg 0x22f710, arg 0xe, arg 0x22f6d8, )
returns: 0x0
0x7c93e512: NtMapViewOfSection 006c(arg 0x790, arg 0xffffffff, arg 0x22f7d4, arg 0x0, arg 0x0, arg 0x0, arg 0x22f7c8, arg 0x1, arg 0x0, arg 0x4, )
returns: 0x0
0x7c93e512: NtClose 0019(arg 0x790, )
returns: 0x0
0x7c93e512: NtProtectVirtualMemory 0089(arg 0xffffffff, arg 0x22f708, arg 0x22f6f0, arg 0x4, arg 0x22f6f4, )
returns: 0x0
0x7c93e512: NtProtectVirtualMemory 0089(arg 0xffffffff, arg 0x22f708, arg 0x22f6f0, arg 0x20, arg 0x22f6f4, )
returns: 0x0
0x7c93e512: NtFlushInstructionCache 004e(arg 0xffffffff, arg 0x77bc1000, arg 0x278, )
returns: 0x0
0x7c93e512: NtProtectVirtualMemory 0089(arg 0xffffffff, arg 0x22f708, arg 0x22f6f0, arg 0x4, arg 0x22f6f4, )
returns: 0x0
0x7c93e512: NtProtectVirtualMemory 0089(arg 0xffffffff, arg 0x22f708, arg 0x22f6f0, arg 0x20, arg 0x22f6f4, )
returns: 0x0
0x7c93e512: NtFlushInstructionCache 004e(arg 0xffffffff, arg 0x77bc1000, arg 0x278, )
returns: 0x0
0x7c93e512: NtProtectVirtualMemory 0089(arg 0xffffffff, arg 0x22fa38, arg 0x22fa20, arg 0x4, arg 0x22fa24, )
returns: 0x0
0x7c93e512: NtProtectVirtualMemory 0089(arg 0xffffffff, arg 0x22fa38, arg 0x22fa20, arg 0x4, arg 0x22fa24, )
returns: 0x0
0x7c93e512: NtFlushInstructionCache 004e(arg 0xffffffff, arg 0x407000, arg 0xac, )
returns: 0x0
0x7c93e512: NtProtectVirtualMemory 0089(arg 0xffffffff, arg 0x22fa38, arg 0x22fa20, arg 0x4, arg 0x22fa24, )
returns: 0x0
0x7c93e512: NtProtectVirtualMemory 0089(arg 0xffffffff, arg 0x22fa38, arg 0x22fa20, arg 0x4, arg 0x22fa24, )
returns: 0x0
0x7c93e512: NtFlushInstructionCache 004e(arg 0xffffffff, arg 0x407000, arg 0xac, )
returns: 0x0
0x7c93e512: NtQueryInformationProcess 009a(arg 0xffffffff, arg 0x25, arg 0x22fa94, arg 0x30, arg 0x0, )
returns: 0x0
0x7c93e512: NtOpenFile 0074(arg 0x22fb20, arg 0x100001, arg 0x22fac4, arg 0x22fae8, arg 0x5, arg 0x60, )
returns: 0x0
0x7c93e512: NtReadFile 00b7(arg 0x790, arg 0x0, arg 0x0, arg 0x0, arg 0x22fae8, arg 0x22fb00, arg 0x4, arg 0x22fb0c, arg 0x0, )
returns: 0x0
0x7c93e512: NtClose 0019(arg 0x790, )
returns: 0x0
0x7c93e512: NtSetInformationProcess 00e4(arg 0xffffffff, arg 0x22, arg 0x22fc28, arg 0x4, )
returns: 0x0
0x7c93e512: NtOpenProcessToken 007b(arg 0xffffffff, arg 0x8, arg 0x22fad4, )
returns: 0x0
0x7c93e512: NtQueryInformationToken 009c(arg 0x790, arg 0xa, arg 0x22fad8, arg 0x38, arg 0x22fac8, )
returns: 0x0
0x7c93e512: NtClose 0019(arg 0x790, )
returns: 0x0
0x7c93e512: NtOpenKey 0077(arg 0x22fb10, arg 0x20019, arg 0x22fae8, )
returns: 0x0
0x7c93e512: NtQueryValueKey 00b1(arg 0x790, arg 0x22fb00, arg 0x2, arg 0x2523f0, arg 0x224, arg 0x22fb0c, )
returns: 0x0
0x7c93e512: NtClose 0019(arg 0x790, )
returns: 0x0
0x7c93e512: NtOpenKey 0077(arg 0x22f7bc, arg 0x80000000, arg 0x22f4ac, )
returns: 0xc0000034
0x7c93e512: NtQuerySystemInformation 00ad(arg 0x0, arg 0x22f858, arg 0x2c, arg 0x0, )
returns: 0x0
0x7c93e512: NtAllocateVirtualMemory 0011(arg 0xffffffff, arg 0x22f8f0, arg 0x0, arg 0x22f91c, arg 0x2000, arg 0x4, )
returns: 0x0
0x7c93e512: NtAllocateVirtualMemory 0011(arg 0xffffffff, arg 0x22f8ec, arg 0x0, arg 0x22f920, arg 0x1000, arg 0x4, )
returns: 0x0
0x7c93e512: NtAllocateVirtualMemory 0011(arg 0xffffffff, arg 0x22f5dc, arg 0x0, arg 0x22f5fc, arg 0x1000, arg 0x4, )
returns: 0x0
0x7c93e512: NtRequestWaitReplyPort 00c8(arg 0x7ec, arg 0x22f824, arg 0x22f824, )
returns: 0x0
0x7c93e512: NtRequestWaitReplyPort 00c8(arg 0x7ec, arg 0x22f824, arg 0x22f824, )
returns: 0x0
0x7c93e512: NtRequestWaitReplyPort 00c8(arg 0x7ec, arg 0x22f824, arg 0x22f824, )
returns: 0x0
0x7c93e512: NtAllocateVirtualMemory 0011(arg 0xffffffff, arg 0x22f650, arg 0x0, arg 0x22f670, arg 0x1000, arg 0x4, )
returns: 0x0
0x7c93e512: NtQueryVirtualMemory 00b2(arg 0xffffffff, arg 0x77bd807c, arg 0x0, arg 0x22f6e8, arg 0x1c, arg 0x22f6cc, )
returns: 0x0
0x7c93e512: NtQueryInformationProcess 009a(arg 0xffffffff, arg 0x24, arg 0x22f700, arg 0x4, arg 0x0, )
returns: 0x0
0x7c93e512: NtQueryInformationProcess 009a(arg 0xffffffff, arg 0x24, arg 0x22f700, arg 0x4, arg 0x0, )
returns: 0x0
0x7c93e512: NtQueryVirtualMemory 00b2(arg 0xffffffff, arg 0x0, arg 0x0, arg 0x22f6e4, arg 0x1c, arg 0x22f6c8, )
returns: 0x0
0x7c93e512: NtOpenKey 0077(arg 0x22f7bc, arg 0x80000000, arg 0x22f4ac, )
returns: 0xc0000034
0x7c93e512: NtOpenKey 0077(arg 0x22f7bc, arg 0x80000000, arg 0x22f4ac, )
returns: 0xc0000034
0x7c93e512: NtOpenKey 0077(arg 0x22f7bc, arg 0x80000000, arg 0x22f4ac, )
returns: 0xc0000034
0x7c93e512: NtOpenKey 0077(arg 0x22f7bc, arg 0x80000000, arg 0x22f4ac, )
returns: 0xc0000034
0x7c93e512: NtOpenKey 0077(arg 0x22f7bc, arg 0x80000000, arg 0x22f4ac, )
returns: 0xc0000034
0x7c93e512: NtOpenKey 0077(arg 0x22f7bc, arg 0x80000000, arg 0x22f4ac, )
returns: 0xc0000034
0x7c93e512: NtOpenKey 0077(arg 0x22f7bc, arg 0x80000000, arg 0x22f4ac, )
returns: 0xc0000034
0x7c93e512: NtOpenKey 0077(arg 0x22f7bc, arg 0x80000000, arg 0x22f4ac, )
returns: 0xc0000034
0x7c93e512: NtOpenKey 0077(arg 0x22f7bc, arg 0x80000000, arg 0x22f4ac, )
returns: 0xc0000034
0x7c93e512: NtTestAlert 0103()
0x7c93e512: NtQueryAttributesFile 008b(arg 0x22f598, arg 0x22f570, )
returns: 0x0
0x7c93e512: NtOpenFile 0074(arg 0x22f684, arg 0x100020, arg 0x22f63c, arg 0x22f65c, arg 0x5, arg 0x60, )
returns: 0x0
0x7c93e512: NtCreateSection 0032(arg 0x22f680, arg 0xe, arg 0x0, arg 0x0, arg 0x10, arg 0x8000000, arg 0x790, )
returns: 0x0
0x7c93e512: NtClose 0019(arg 0x790, )
returns: 0x0
0x7c93e512: NtMapViewOfSection 006c(arg 0x78c, arg 0xffffffff, arg 0x22f698, arg 0x0, arg 0x0, arg 0x0, arg 0x22f67c, arg 0x1, arg 0x0, arg 0x10, )
returns: 0x0
0x7c93e512: NtClose 0019(arg 0x78c, )
returns: 0x0
0x7c93e512: NtUnmapViewOfSection 010b(arg 0xffffffff, arg 0x4800000, )
returns: 0x0
0x7c93e512: NtQueryInformationProcess 009a(arg 0xffffffff, arg 0xc, arg 0x22f9a0, arg 0x4, arg 0x0, )
returns: 0x0
0x7c93e512: NtQueryAttributesFile 008b(arg 0x22f0cc, arg 0x22f0a4, )
returns: 0x0
0x7c93e512: NtOpenFile 0074(arg 0x22f1b8, arg 0x100020, arg 0x22f170, arg 0x22f190, arg 0x5, arg 0x60, )
returns: 0x0
0x7c93e512: NtCreateSection 0032(arg 0x22f1b4, arg 0xe, arg 0x0, arg 0x0, arg 0x10, arg 0x8000000, arg 0x78c, )
returns: 0x0
0x7c93e512: NtClose 0019(arg 0x78c, )
returns: 0x0
0x7c93e512: NtMapViewOfSection 006c(arg 0x790, arg 0xffffffff, arg 0x22f1cc, arg 0x0, arg 0x0, arg 0x0, arg 0x22f1b0, arg 0x1, arg 0x0, arg 0x10, )
returns: 0x0
0x7c93e512: NtClose 0019(arg 0x790, )
returns: 0x0
0x7c93e512: NtUnmapViewOfSection 010b(arg 0xffffffff, arg 0x4960000, )
returns: 0x0
0x7c93e512: NtQueryAttributesFile 008b(arg 0x22f200, arg 0x22f1d8, )
returns: 0x0
0x7c93e512: NtQueryAttributesFile 008b(arg 0x22f200, arg 0x22f1d8, )
returns: 0x0
0x7c93e512: NtOpenFile 0074(arg 0x22f32c, arg 0x100020, arg 0x22f300, arg 0x22f318, arg 0x5, arg 0x60, )
returns: 0x0
0x7c93e512: NtCreateSection 0032(arg 0x22f3e0, arg 0xf, arg 0x0, arg 0x0, arg 0x10, arg 0x1000000, arg 0x790, )
returns: 0x0
0x7c93e512: NtQuerySection 00a7(arg 0x78c, arg 0x1, arg 0x22f2d0, arg 0x30, arg 0x0, )
returns: 0x0
0x7c93e512: NtClose 0019(arg 0x790, )
returns: 0x0
0x7c93e512: NtMapViewOfSection 006c(arg 0x78c, arg 0xffffffff, arg 0x22f3e4, arg 0x0, arg 0x0, arg 0x0, arg 0x22f3d8, arg 0x1, arg 0x0, arg 0x4, )
returns: 0x0
0x7c93e512: NtClose 0019(arg 0x78c, )
returns: 0x0
0x7c93e512: NtOpenFile 0074(arg 0x22ecf4, arg 0x1200a9, arg 0x22ebf0, arg 0x22ec08, arg 0x1, arg 0x60, )
returns: 0xc0000034
0x7c93e512: NtOpenFile 0074(arg 0x22ed04, arg 0x1200a9, arg 0x22ebf0, arg 0x22ec08, arg 0x1, arg 0x60, )
returns: 0xc0000034
0x7c93e512: NtRequestWaitReplyPort 00c8(arg 0x7ec, arg 0x22eba8, arg 0x22eba8, )
returns: 0x0
0x7c93e512: NtOpenSection 007d(arg 0x22f00c, arg 0xe, arg 0x22efd4, )
returns: 0x0
0x7c93e512: NtMapViewOfSection 006c(arg 0x78c, arg 0xffffffff, arg 0x22f0d0, arg 0x0, arg 0x0, arg 0x0, arg 0x22f0c4, arg 0x1, arg 0x0, arg 0x4, )
returns: 0x0
0x7c93e512: NtClose 0019(arg 0x78c, )
returns: 0x0
0x7c93e512: NtOpenSection 007d(arg 0x22ecdc, arg 0xe, arg 0x22eca4, )
returns: 0x0
0x7c93e512: NtMapViewOfSection 006c(arg 0x78c, arg 0xffffffff, arg 0x22eda0, arg 0x0, arg 0x0, arg 0x0, arg 0x22ed94, arg 0x1, arg 0x0, arg 0x4, )
returns: 0x0
0x7c93e512: NtClose 0019(arg 0x78c, )
returns: 0x0
0x7c93e512: NtProtectVirtualMemory 0089(arg 0xffffffff, arg 0x22ecf0, arg 0x22ecd8, arg 0x4, arg 0x22ecdc, )
returns: 0x0
0x7c93e512: NtProtectVirtualMemory 0089(arg 0xffffffff, arg 0x22ecf0, arg 0x22ecd8, arg 0x20, arg 0x22ecdc, )
returns: 0x0
0x7c93e512: NtFlushInstructionCache 004e(arg 0xffffffff, arg 0x77e21000, arg 0x1e8, )
returns: 0x0
0x7c93e512: NtProtectVirtualMemory 0089(arg 0xffffffff, arg 0x22ecf0, arg 0x22ecd8, arg 0x4, arg 0x22ecdc, )
returns: 0x0
0x7c93e512: NtProtectVirtualMemory 0089(arg 0xffffffff, arg 0x22ecf0, arg 0x22ecd8, arg 0x20, arg 0x22ecdc, )
returns: 0x0
0x7c93e512: NtFlushInstructionCache 004e(arg 0xffffffff, arg 0x77e21000, arg 0x1e8, )
returns: 0x0
0x7c93e512: NtProtectVirtualMemory 0089(arg 0xffffffff, arg 0x22ecf0, arg 0x22ecd8, arg 0x4, arg 0x22ecdc, )
returns: 0x0
0x7c93e512: NtProtectVirtualMemory 0089(arg 0xffffffff, arg 0x22ecf0, arg 0x22ecd8, arg 0x20, arg 0x22ecdc, )
returns: 0x0
0x7c93e512: NtFlushInstructionCache 004e(arg 0xffffffff, arg 0x77e21000, arg 0x1e8, )
returns: 0x0
0x7c93e512: NtProtectVirtualMemory 0089(arg 0xffffffff, arg 0x22f004, arg 0x22efec, arg 0x4, arg 0x22eff0, )
returns: 0x0
0x7c93e512: NtProtectVirtualMemory 0089(arg 0xffffffff, arg 0x22f004, arg 0x22efec, arg 0x20, arg 0x22eff0, )
returns: 0x0
0x7c93e512: NtFlushInstructionCache 004e(arg 0xffffffff, arg 0x77cf1000, arg 0x4e4, )
returns: 0x0
0x7c93e512: NtProtectVirtualMemory 0089(arg 0xffffffff, arg 0x22f004, arg 0x22efec, arg 0x4, arg 0x22eff0, )
returns: 0x0
0x7c93e512: NtProtectVirtualMemory 0089(arg 0xffffffff, arg 0x22f004, arg 0x22efec, arg 0x20, arg 0x22eff0, )
returns: 0x0
0x7c93e512: NtFlushInstructionCache 004e(arg 0xffffffff, arg 0x77cf1000, arg 0x4e4, )
returns: 0x0
0x7c93e512: NtProtectVirtualMemory 0089(arg 0xffffffff, arg 0x22f004, arg 0x22efec, arg 0x4, arg 0x22eff0, )
returns: 0x0
0x7c93e512: NtProtectVirtualMemory 0089(arg 0xffffffff, arg 0x22f004, arg 0x22efec, arg 0x20, arg 0x22eff0, )
returns: 0x0
0x7c93e512: NtFlushInstructionCache 004e(arg 0xffffffff, arg 0x77cf1000, arg 0x4e4, )
returns: 0x0
0x7c93e512: NtProtectVirtualMemory 0089(arg 0xffffffff, arg 0x22f334, arg 0x22f31c, arg 0x4, arg 0x22f320, )
returns: 0x0
0x7c93e512: NtProtectVirtualMemory 0089(arg 0xffffffff, arg 0x22f334, arg 0x22f31c, arg 0x2, arg 0x22f320, )
returns: 0x0
0x7c93e512: NtFlushInstructionCache 004e(arg 0xffffffff, arg 0x10012000, arg 0x174, )
returns: 0x0
0x7c93e512: NtProtectVirtualMemory 0089(arg 0xffffffff, arg 0x22f334, arg 0x22f31c, arg 0x4, arg 0x22f320, )
returns: 0x0
0x7c93e512: NtProtectVirtualMemory 0089(arg 0xffffffff, arg 0x22f334, arg 0x22f31c, arg 0x2, arg 0x22f320, )
returns: 0x0
0x7c93e512: NtFlushInstructionCache 004e(arg 0xffffffff, arg 0x10012000, arg 0x174, )
returns: 0x0
0x7c93e512: NtProtectVirtualMemory 0089(arg 0xffffffff, arg 0x22f334, arg 0x22f31c, arg 0x4, arg 0x22f320, )
returns: 0x0
0x7c93e512: NtProtectVirtualMemory 0089(arg 0xffffffff, arg 0x22f334, arg 0x22f31c, arg 0x2, arg 0x22f320, )
returns: 0x0
0x7c93e512: NtFlushInstructionCache 004e(arg 0xffffffff, arg 0x10012000, arg 0x174, )
returns: 0x0
0x7c93e512: NtProtectVirtualMemory 0089(arg 0xffffffff, arg 0x22f334, arg 0x22f31c, arg 0x4, arg 0x22f320, )
returns: 0x0
0x7c93e512: NtProtectVirtualMemory 0089(arg 0xffffffff, arg 0x22f334, arg 0x22f31c, arg 0x2, arg 0x22f320, )
returns: 0x0
0x7c93e512: NtFlushInstructionCache 004e(arg 0xffffffff, arg 0x10012000, arg 0x174, )
returns: 0x0
0x7c93e512: NtOpenKey 0077(arg 0x22f0b8, arg 0x80000000, arg 0x22eda8, )
returns: 0xc0000034
0x7c93e512: NtOpenKey 0077(arg 0x22f0b8, arg 0x80000000, arg 0x22eda8, )
returns: 0xc0000034
0x7c93e512: NtQuerySystemInformation 00ad(arg 0x0, arg 0x22eea4, arg 0x2c, arg 0x0, )
returns: 0x0
0x7c93e512: NtRequestWaitReplyPort 00c8(arg 0x7ec, arg 0x22ec78, arg 0x22ec78, )
returns: 0x0
0x7c93e512: NtQueryAttributesFile 008b(arg 0x22e294, arg 0x22e26c, )
returns: 0x0
0x7c93e512: NtOpenFile 0074(arg 0x22e380, arg 0x100020, arg 0x22e338, arg 0x22e358, arg 0x5, arg 0x60, )
returns: 0x0
0x7c93e512: NtCreateSection 0032(arg 0x22e37c, arg 0xe, arg 0x0, arg 0x0, arg 0x10, arg 0x8000000, arg 0x78c, )
returns: 0x0
0x7c93e512: NtClose 0019(arg 0x78c, )
returns: 0x0
0x7c93e512: NtMapViewOfSection 006c(arg 0x790, arg 0xffffffff, arg 0x22e394, arg 0x0, arg 0x0, arg 0x0, arg 0x22e378, arg 0x1, arg 0x0, arg 0x10, )
returns: 0x0
0x7c93e512: NtClose 0019(arg 0x790, )
returns: 0x0
0x7c93e512: NtUnmapViewOfSection 010b(arg 0xffffffff, arg 0x5d80000, )
returns: 0x0
0x7c93e512: NtQueryAttributesFile 008b(arg 0x22e238, arg 0x22e210, )
returns: 0x0
0x7c93e512: NtOpenFile 0074(arg 0x22e324, arg 0x100020, arg 0x22e2dc, arg 0x22e2fc, arg 0x5, arg 0x60, )
returns: 0x0
0x7c93e512: NtCreateSection 0032(arg 0x22e320, arg 0xe, arg 0x0, arg 0x0, arg 0x10, arg 0x8000000, arg 0x790, )
returns: 0x0
0x7c93e512: NtClose 0019(arg 0x790, )
returns: 0x0
0x7c93e512: NtMapViewOfSection 006c(arg 0x78c, arg 0xffffffff, arg 0x22e338, arg 0x0, arg 0x0, arg 0x0, arg 0x22e31c, arg 0x1, arg 0x0, arg 0x10, )
returns: 0x0
0x7c93e512: NtClose 0019(arg 0x78c, )
returns: 0x0
0x7c93e512: NtUnmapViewOfSection 010b(arg 0xffffffff, arg 0x5f00000, )
returns: 0x0
0x7c93e512: NtQueryAttributesFile 008b(arg 0x22e36c, arg 0x22e344, )
returns: 0x0
0x7c93e512: NtOpenFile 0074(arg 0x22e498, arg 0x100020, arg 0x22e46c, arg 0x22e484, arg 0x5, arg 0x60, )
returns: 0x0
0x7c93e512: NtCreateSection 0032(arg 0x22e54c, arg 0xf, arg 0x0, arg 0x0, arg 0x10, arg 0x1000000, arg 0x78c, )
returns: 0x0
0x7c93e512: NtQuerySection 00a7(arg 0x790, arg 0x1, arg 0x22e43c, arg 0x30, arg 0x0, )
returns: 0x0
0x7c93e512: NtClose 0019(arg 0x78c, )
returns: 0x0
0x7c93e512: NtMapViewOfSection 006c(arg 0x790, arg 0xffffffff, arg 0x22e550, arg 0x0, arg 0x0, arg 0x0, arg 0x22e544, arg 0x1, arg 0x0, arg 0x4, )
returns: 0x0
0x7c93e512: NtClose 0019(arg 0x790, )
returns: 0x0
0x7c93e512: NtProtectVirtualMemory 0089(arg 0xffffffff, arg 0x22e484, arg 0x22e46c, arg 0x4, arg 0x22e470, )
returns: 0x0
0x7c93e512: NtProtectVirtualMemory 0089(arg 0xffffffff, arg 0x22e484, arg 0x22e46c, arg 0x20, arg 0x22e470, )
returns: 0x0
0x7c93e512: NtFlushInstructionCache 004e(arg 0xffffffff, arg 0x762e1000, arg 0x2b8, )
returns: 0x0
0x7c93e512: NtProtectVirtualMemory 0089(arg 0xffffffff, arg 0x22e484, arg 0x22e46c, arg 0x4, arg 0x22e470, )
returns: 0x0
0x7c93e512: NtProtectVirtualMemory 0089(arg 0xffffffff, arg 0x22e484, arg 0x22e46c, arg 0x20, arg 0x22e470, )
returns: 0x0
0x7c93e512: NtFlushInstructionCache 004e(arg 0xffffffff, arg 0x762e1000, arg 0x2b8, )
returns: 0x0
0x7c93e512: NtProtectVirtualMemory 0089(arg 0xffffffff, arg 0x22e484, arg 0x22e46c, arg 0x4, arg 0x22e470, )
returns: 0x0
0x7c93e512: NtProtectVirtualMemory 0089(arg 0xffffffff, arg 0x22e484, arg 0x22e46c, arg 0x20, arg 0x22e470, )
returns: 0x0
0x7c93e512: NtFlushInstructionCache 004e(arg 0xffffffff, arg 0x762e1000, arg 0x2b8, )
returns: 0x0
0x7c93e512: NtProtectVirtualMemory 0089(arg 0xffffffff, arg 0x22e484, arg 0x22e46c, arg 0x4, arg 0x22e470, )
returns: 0x0
0x7c93e512: NtProtectVirtualMemory 0089(arg 0xffffffff, arg 0x22e484, arg 0x22e46c, arg 0x20, arg 0x22e470, )
returns: 0x0
0x7c93e512: NtFlushInstructionCache 004e(arg 0xffffffff, arg 0x762e1000, arg 0x2b8, )
returns: 0x0
0x7c93e512: NtOpenKey 0077(arg 0x22e224, arg 0x80000000, arg 0x22df14, )
returns: 0xc0000034
0x7c93e512: NtQuerySystemInformation 00ad(arg 0x0, arg 0x22e420, arg 0x2c, arg 0x0, )
returns: 0x0
0x7c93e512: NtQueryAttributesFile 008b(arg 0x22d760, arg 0x22d738, )
returns: 0x0
0x7c93e512: NtOpenKey 0077(arg 0x22e224, arg 0x80000000, arg 0x22df14, )
returns: 0xc0000034
0x7c93e512: NtQueryAttributesFile 008b(arg 0x22e4ac, arg 0x22e484, )
returns: 0x0
0x7c93e512: NtOpenKey 0077(arg 0x22ed64, arg 0x20019, arg 0x22ed2c, )
returns: 0xc0000034
0x7c93e512: NtOpenKey 0077(arg 0x22ec9c, arg 0x20019, arg 0x22ec7c, )
returns: 0x0
0x7c93e512: NtQueryValueKey 00b1(arg 0x790, arg 0x22ec94, arg 0x2, arg 0x22eca0, arg 0x14, arg 0x22ec78, )
returns: 0xc0000034
0x7c93e512: NtClose 0019(arg 0x790, )
returns: 0x0
0x7c93e512: NtOpenSection 007d(arg 0x22e500, arg 0xe, arg 0x22e4c8, )
returns: 0xc0000034
0x7c93e512: NtQueryAttributesFile 008b(arg 0x22e3f0, arg 0x22e3c8, )
returns: 0xc0000034
0x7c93e512: NtQueryAttributesFile 008b(arg 0x22e3f0, arg 0x22e3c8, )
returns: 0x0
0x7c93e512: NtOpenFile 0074(arg 0x22e50c, arg 0x100020, arg 0x22e4e0, arg 0x22e4f8, arg 0x5, arg 0x60, )
returns: 0x0
0x7c93e512: NtCreateSection 0032(arg 0x22e5c0, arg 0xf, arg 0x0, arg 0x0, arg 0x10, arg 0x1000000, arg 0x784, )
returns: 0x0
0x7c93e512: NtQuerySection 00a7(arg 0x780, arg 0x1, arg 0x22e4b0, arg 0x30, arg 0x0, )
returns: 0x0
0x7c93e512: NtClose 0019(arg 0x784, )
returns: 0x0
0x7c93e512: NtMapViewOfSection 006c(arg 0x780, arg 0xffffffff, arg 0x22e5c4, arg 0x0, arg 0x0, arg 0x0, arg 0x22e5b8, arg 0x1, arg 0x0, arg 0x4, )
returns: 0x0
0x7c93e512: NtClose 0019(arg 0x780, )
returns: 0x0
0x7c93e512: NtProtectVirtualMemory 0089(arg 0xffffffff, arg 0x22e4f8, arg 0x22e4e0, arg 0x4, arg 0x22e4e4, )
returns: 0x0
0x7c93e512: NtProtectVirtualMemory 0089(arg 0xffffffff, arg 0x22e4f8, arg 0x22e4e0, arg 0x20, arg 0x22e4e4, )
returns: 0x0
0x7c93e512: NtFlushInstructionCache 004e(arg 0xffffffff, arg 0x62341000, arg 0x17c, )
returns: 0x0
0x7c93e512: NtProtectVirtualMemory 0089(arg 0xffffffff, arg 0x22e4f8, arg 0x22e4e0, arg 0x4, arg 0x22e4e4, )
returns: 0x0
0x7c93e512: NtProtectVirtualMemory 0089(arg 0xffffffff, arg 0x22e4f8, arg 0x22e4e0, arg 0x20, arg 0x22e4e4, )
returns: 0x0
0x7c93e512: NtFlushInstructionCache 004e(arg 0xffffffff, arg 0x62341000, arg 0x17c, )
returns: 0x0
0x7c93e512: NtProtectVirtualMemory 0089(arg 0xffffffff, arg 0x22e4f8, arg 0x22e4e0, arg 0x4, arg 0x22e4e4, )
returns: 0x0
0x7c93e512: NtProtectVirtualMemory 0089(arg 0xffffffff, arg 0x22e4f8, arg 0x22e4e0, arg 0x20, arg 0x22e4e4, )
returns: 0x0
0x7c93e512: NtFlushInstructionCache 004e(arg 0xffffffff, arg 0x62341000, arg 0x17c, )
returns: 0x0
0x7c93e512: NtOpenSection 007d(arg 0x22e1d0, arg 0xe, arg 0x22e198, )
returns: 0xc0000034
0x7c93e512: NtQueryAttributesFile 008b(arg 0x22e0c0, arg 0x22e098, )
returns: 0xc0000034
0x7c93e512: NtQueryAttributesFile 008b(arg 0x22e0c0, arg 0x22e098, )
returns: 0x0
0x7c93e512: NtOpenFile 0074(arg 0x22e1dc, arg 0x100020, arg 0x22e1b0, arg 0x22e1c8, arg 0x5, arg 0x60, )
returns: 0x0
0x7c93e512: NtCreateSection 0032(arg 0x22e290, arg 0xf, arg 0x0, arg 0x0, arg 0x10, arg 0x1000000, arg 0x780, )
returns: 0x0
0x7c93e512: NtQuerySection 00a7(arg 0x784, arg 0x1, arg 0x22e180, arg 0x30, arg 0x0, )
returns: 0x0
0x7c93e512: NtClose 0019(arg 0x780, )
returns: 0x0
0x7c93e512: NtMapViewOfSection 006c(arg 0x784, arg 0xffffffff, arg 0x22e294, arg 0x0, arg 0x0, arg 0x0, arg 0x22e288, arg 0x1, arg 0x0, arg 0x4, )
returns: 0x0
0x7c93e512: NtClose 0019(arg 0x784, )
returns: 0x0
0x7c93e512: NtProtectVirtualMemory 0089(arg 0xffffffff, arg 0x22e1e4, arg 0x22e1cc, arg 0x4, arg 0x22e1d0, )
returns: 0x0
0x7c93e512: NtProtectVirtualMemory 0089(arg 0xffffffff, arg 0x22e1e4, arg 0x22e1cc, arg 0x20, arg 0x22e1d0, )
returns: 0x0
0x7c93e512: NtFlushInstructionCache 004e(arg 0xffffffff, arg 0x73f81000, arg 0x1b8, )
returns: 0x0
0x7c93e512: NtProtectVirtualMemory 0089(arg 0xffffffff, arg 0x22e1e4, arg 0x22e1cc, arg 0x4, arg 0x22e1d0, )
returns: 0x0
0x7c93e512: NtProtectVirtualMemory 0089(arg 0xffffffff, arg 0x22e1e4, arg 0x22e1cc, arg 0x20, arg 0x22e1d0, )
returns: 0x0
0x7c93e512: NtFlushInstructionCache 004e(arg 0xffffffff, arg 0x73f81000, arg 0x1b8, )
returns: 0x0
0x7c93e512: NtProtectVirtualMemory 0089(arg 0xffffffff, arg 0x22e1e4, arg 0x22e1cc, arg 0x4, arg 0x22e1d0, )
returns: 0x0
0x7c93e512: NtProtectVirtualMemory 0089(arg 0xffffffff, arg 0x22e1e4, arg 0x22e1cc, arg 0x20, arg 0x22e1d0, )
returns: 0x0
0x7c93e512: NtFlushInstructionCache 004e(arg 0xffffffff, arg 0x73f81000, arg 0x1b8, )
returns: 0x0
0x7c93e512: NtProtectVirtualMemory 0089(arg 0xffffffff, arg 0x22e1e4, arg 0x22e1cc, arg 0x4, arg 0x22e1d0, )
returns: 0x0
0x7c93e512: NtProtectVirtualMemory 0089(arg 0xffffffff, arg 0x22e1e4, arg 0x22e1cc, arg 0x20, arg 0x22e1d0, )
returns: 0x0
0x7c93e512: NtFlushInstructionCache 004e(arg 0xffffffff, arg 0x73f81000, arg 0x1b8, )
returns: 0x0
0x7c93e512: NtProtectVirtualMemory 0089(arg 0xffffffff, arg 0x22e4f8, arg 0x22e4e0, arg 0x4, arg 0x22e4e4, )
returns: 0x0
0x7c93e512: NtProtectVirtualMemory 0089(arg 0xffffffff, arg 0x22e4f8, arg 0x22e4e0, arg 0x20, arg 0x22e4e4, )
returns: 0x0
0x7c93e512: NtFlushInstructionCache 004e(arg 0xffffffff, arg 0x62341000, arg 0x17c, )
returns: 0x0
0x7c93e512: NtOpenKey 0077(arg 0x22e298, arg 0x80000000, arg 0x22df88, )
returns: 0xc0000034
0x7c93e512: NtQueryPerformanceCounter 00a5(arg 0x22e4a0, arg 0x22e488, )
returns: 0x0
0x7c93e512: NtOpenProcessToken 007b(arg 0xffffffff, arg 0x8, arg 0x22e408, )
returns: 0x0
0x7c93e512: NtQueryInformationToken 009c(arg 0x784, arg 0xa, arg 0x22e3cc, arg 0x38, arg 0x22e404, )
returns: 0x0
0x7c93e512: NtClose 0019(arg 0x784, )
returns: 0x0
0x7c93e512: NtQueryInformationToken 009c(arg 0x784, arg 0x1, arg 0x22dbf0, arg 0x50, arg 0x22dbdc, )
returns: 0x0
0x7c93e512: NtClose 0019(arg 0x784, )
returns: 0x0
0x7c93e512: NtOpenKey 0077(arg 0x22dcb8, arg 0x2000000, arg 0x22dc58, )
returns: 0x0
0x7c93e512: NtOpenKey 0077(arg 0x22e0ec, arg 0x20019, arg 0x22dca0, )
returns: 0x0
0x7c93e512: NtClose 0019(arg 0x784, )
returns: 0x0
0x7c93e512: NtQueryValueKey 00b1(arg 0x780, arg 0x22e0b0, arg 0x1, arg 0x22e0f0, arg 0x214, arg 0x22e0c4, )
returns: 0x0
0x7c93e512: NtClose 0019(arg 0x780, )
returns: 0x0
0x7c93e512: NtQuerySystemInformation 00ad(arg 0x0, arg 0x22e334, arg 0x2c, arg 0x0, )
returns: 0x0
0x7c93e512: NtAllocateVirtualMemory 0011(arg 0xffffffff, arg 0x22e3cc, arg 0x0, arg 0x22e3f8, arg 0x2000, arg 0x4, )
returns: 0x0
0x7c93e512: NtAllocateVirtualMemory 0011(arg 0xffffffff, arg 0x22e3c8, arg 0x0, arg 0x22e3fc, arg 0x1000, arg 0x4, )
returns: 0x0
0x7c93e512: NtOpenKey 0077(arg 0x22e298, arg 0x80000000, arg 0x22df88, )
returns: 0xc0000034
0x7c93e512: NtQueryPerformanceCounter 00a5(arg 0x22e4b4, arg 0x22e49c, )
returns: 0x0
0x7c93e512: NtOpenKey 0077(arg 0x22ebb8, arg 0x20019, arg 0x22eb8c, )
returns: 0x0
0x7c93e512: NtQueryValueKey 00b1(arg 0x780, arg 0x22eba4, arg 0x2, arg 0x22ebbc, arg 0x40, arg 0x22ebb4, )
returns: 0x0
0x7c93e512: NtClose 0019(arg 0x780, )
returns: 0x0
0x7c93e512: NtCallbackReturn 0014(arg 0x0, arg 0x0, arg 0x0, )
returns: 0x1
0x7c93e512: NtQueryInformationProcess 009a(arg 0xffffffff, arg 0x0, arg 0x22e978, arg 0x18, arg 0x0, )
returns: 0x0
0x7c93e512: NtOpenMutant 0078(arg 0x22e770, arg 0x1f0001, arg 0x22e750, )
returns: 0x0
0x7c93e512: NtOpenMutant 0078(arg 0x22e770, arg 0x1f0001, arg 0x22e750, )
returns: 0x0
0x7c93e512: NtOpenSection 007d(arg 0x22e770, arg 0x2, arg 0x22e750, )
returns: 0x0
0x7c93e512: NtMapViewOfSection 006c(arg 0x77c, arg 0xffffffff, arg 0x22e780, arg 0x0, arg 0x0, arg 0x22e764, arg 0x22e77c, arg 0x1, arg 0x0, arg 0x4, )
returns: 0x0
0x7c93e512: NtOpenEvent 0072(arg 0x22e770, arg 0x1f0003, arg 0x22e750, )
returns: 0x0
0x7c93e512: NtOpenEvent 0072(arg 0x22e770, arg 0x1f0003, arg 0x22e750, )
returns: 0x0
0x7c93e512: NtOpenMutant 0078(arg 0x22e770, arg 0x1f0001, arg 0x22e750, )
returns: 0x0
0x7c93e512: NtProtectVirtualMemory 0089(arg 0xffffffff, arg 0x22e7b8, arg 0x22e7bc, arg 0x40, arg 0x22e974, )
returns: 0x0
0x7c93e512: NtProtectVirtualMemory 0089(arg 0xffffffff, arg 0x22e6b0, arg 0x22e72c, arg 0x40, arg 0x22e720, )
returns: 0x0
0x7c93e512: NtProtectVirtualMemory 0089(arg 0xffffffff, arg 0x22e6b0, arg 0x22e72c, arg 0x20, arg 0x22e720, )
returns: 0x0
0x7c93e512: NtProtectVirtualMemory 0089(arg 0xffffffff, arg 0x22e6b0, arg 0x22e72c, arg 0x40, arg 0x22e720, )
returns: 0x0
0x7c93e512: NtProtectVirtualMemory 0089(arg 0xffffffff, arg 0x22e6b0, arg 0x22e72c, arg 0x20, arg 0x22e720, )
returns: 0x0
0x7c93e512: NtProtectVirtualMemory 0089(arg 0xffffffff, arg 0x22e6b0, arg 0x22e72c, arg 0x40, arg 0x22e720, )
returns: 0x0
0x7c93e512: NtProtectVirtualMemory 0089(arg 0xffffffff, arg 0x22e6b0, arg 0x22e72c, arg 0x20, arg 0x22e720, )
returns: 0x0
0x7c93e512: NtProtectVirtualMemory 0089(arg 0xffffffff, arg 0x22e6b0, arg 0x22e72c, arg 0x40, arg 0x22e720, )
returns: 0x0
0x7c93e512: NtProtectVirtualMemory 0089(arg 0xffffffff, arg 0x22e6b0, arg 0x22e72c, arg 0x20, arg 0x22e720, )
returns: 0x0
0x7c93e512: NtProtectVirtualMemory 0089(arg 0xffffffff, arg 0x22e6b0, arg 0x22e72c, arg 0x40, arg 0x22e720, )
returns: 0x0
0x7c93e512: NtProtectVirtualMemory 0089(arg 0xffffffff, arg 0x22e6b0, arg 0x22e72c, arg 0x20, arg 0x22e720, )
returns: 0x0
0x7c93e512: NtProtectVirtualMemory 0089(arg 0xffffffff, arg 0x22e6b0, arg 0x22e72c, arg 0x40, arg 0x22e720, )
returns: 0x0
0x7c93e512: NtProtectVirtualMemory 0089(arg 0xffffffff, arg 0x22e6b0, arg 0x22e72c, arg 0x20, arg 0x22e720, )
returns: 0x0
0x7c93e512: NtProtectVirtualMemory 0089(arg 0xffffffff, arg 0x22e6b0, arg 0x22e72c, arg 0x40, arg 0x22e720, )
returns: 0x0
0x7c93e512: NtProtectVirtualMemory 0089(arg 0xffffffff, arg 0x22e6b0, arg 0x22e72c, arg 0x20, arg 0x22e720, )
returns: 0x0
0x7c93e512: NtProtectVirtualMemory 0089(arg 0xffffffff, arg 0x22e6b0, arg 0x22e72c, arg 0x40, arg 0x22e720, )
returns: 0x0
0x7c93e512: NtProtectVirtualMemory 0089(arg 0xffffffff, arg 0x22e6b0, arg 0x22e72c, arg 0x20, arg 0x22e720, )
returns: 0x0
0x7c93e512: NtProtectVirtualMemory 0089(arg 0xffffffff, arg 0x22e6b0, arg 0x22e72c, arg 0x40, arg 0x22e720, )
returns: 0x0
0x7c93e512: NtProtectVirtualMemory 0089(arg 0xffffffff, arg 0x22e6b0, arg 0x22e72c, arg 0x20, arg 0x22e720, )
returns: 0x0
0x7c93e512: NtProtectVirtualMemory 0089(arg 0xffffffff, arg 0x22e6b0, arg 0x22e72c, arg 0x40, arg 0x22e720, )
returns: 0x0
0x7c93e512: NtProtectVirtualMemory 0089(arg 0xffffffff, arg 0x22e6b0, arg 0x22e72c, arg 0x20, arg 0x22e720, )
returns: 0x0
0x7c93e512: NtProtectVirtualMemory 0089(arg 0xffffffff, arg 0x22e6b0, arg 0x22e72c, arg 0x40, arg 0x22e720, )
returns: 0x0
0x7c93e512: NtProtectVirtualMemory 0089(arg 0xffffffff, arg 0x22e6b0, arg 0x22e72c, arg 0x20, arg 0x22e720, )
returns: 0x0
0x7c93e512: NtProtectVirtualMemory 0089(arg 0xffffffff, arg 0x22e6b0, arg 0x22e72c, arg 0x40, arg 0x22e720, )
returns: 0x0
0x7c93e512: NtProtectVirtualMemory 0089(arg 0xffffffff, arg 0x22e6b0, arg 0x22e72c, arg 0x20, arg 0x22e720, )
returns: 0x0
0x7c93e512: NtProtectVirtualMemory 0089(arg 0xffffffff, arg 0x22e6b0, arg 0x22e72c, arg 0x40, arg 0x22e720, )
returns: 0x0
0x7c93e512: NtProtectVirtualMemory 0089(arg 0xffffffff, arg 0x22e6b0, arg 0x22e72c, arg 0x20, arg 0x22e720, )
returns: 0x0
0x7c93e512: NtProtectVirtualMemory 0089(arg 0xffffffff, arg 0x22e6b0, arg 0x22e72c, arg 0x40, arg 0x22e720, )
returns: 0x0
0x7c93e512: NtProtectVirtualMemory 0089(arg 0xffffffff, arg 0x22e6b0, arg 0x22e72c, arg 0x20, arg 0x22e720, )
returns: 0x0
0x7c93e512: NtProtectVirtualMemory 0089(arg 0xffffffff, arg 0x22e6b0, arg 0x22e72c, arg 0x40, arg 0x22e720, )
returns: 0x0
0x7c93e512: NtProtectVirtualMemory 0089(arg 0xffffffff, arg 0x22e6b0, arg 0x22e72c, arg 0x20, arg 0x22e720, )
returns: 0x0
0x7c93e512: NtProtectVirtualMemory 0089(arg 0xffffffff, arg 0x22e6b0, arg 0x22e72c, arg 0x40, arg 0x22e720, )
returns: 0x0
0x7c93e512: NtProtectVirtualMemory 0089(arg 0xffffffff, arg 0x22e6b0, arg 0x22e72c, arg 0x20, arg 0x22e720, )
returns: 0x0
0x7c93e512: NtProtectVirtualMemory 0089(arg 0xffffffff, arg 0x22e6b0, arg 0x22e72c, arg 0x40, arg 0x22e720, )
returns: 0x0
0x7c93e512: NtProtectVirtualMemory 0089(arg 0xffffffff, arg 0x22e6b0, arg 0x22e72c, arg 0x20, arg 0x22e720, )
returns: 0x0
0x7c93e512: NtProtectVirtualMemory 0089(arg 0xffffffff, arg 0x22e6b0, arg 0x22e72c, arg 0x40, arg 0x22e720, )
returns: 0x0
0x7c93e512: NtProtectVirtualMemory 0089(arg 0xffffffff, arg 0x22e6b0, arg 0x22e72c, arg 0x20, arg 0x22e720, )
returns: 0x0
0x7c93e512: NtProtectVirtualMemory 0089(arg 0xffffffff, arg 0x22e6b0, arg 0x22e72c, arg 0x40, arg 0x22e720, )
returns: 0x0
0x7c93e512: NtProtectVirtualMemory 0089(arg 0xffffffff, arg 0x22e6b0, arg 0x22e72c, arg 0x20, arg 0x22e720, )
returns: 0x0
0x7c93e512: NtProtectVirtualMemory 0089(arg 0xffffffff, arg 0x22e6b0, arg 0x22e72c, arg 0x40, arg 0x22e720, )
returns: 0x0
0x7c93e512: NtProtectVirtualMemory 0089(arg 0xffffffff, arg 0x22e6b0, arg 0x22e72c, arg 0x20, arg 0x22e720, )
returns: 0x0
0x7c93e512: NtProtectVirtualMemory 0089(arg 0xffffffff, arg 0x22e6b0, arg 0x22e72c, arg 0x40, arg 0x22e720, )
returns: 0x0
0x7c93e512: NtProtectVirtualMemory 0089(arg 0xffffffff, arg 0x22e6b0, arg 0x22e72c, arg 0x20, arg 0x22e720, )
returns: 0x0
0x7c93e512: NtProtectVirtualMemory 0089(arg 0xffffffff, arg 0x22e6b0, arg 0x22e72c, arg 0x40, arg 0x22e720, )
returns: 0x0
0x7c93e512: NtProtectVirtualMemory 0089(arg 0xffffffff, arg 0x22e6b0, arg 0x22e72c, arg 0x20, arg 0x22e720, )
returns: 0x0
0x7c93e512: NtProtectVirtualMemory 0089(arg 0xffffffff, arg 0x22e6b0, arg 0x22e72c, arg 0x40, arg 0x22e720, )
returns: 0x0
0x7c93e512: NtProtectVirtualMemory 0089(arg 0xffffffff, arg 0x22e6b0, arg 0x22e72c, arg 0x20, arg 0x22e720, )
returns: 0x0
0x7c93e512: NtProtectVirtualMemory 0089(arg 0xffffffff, arg 0x22e6b0, arg 0x22e72c, arg 0x40, arg 0x22e720, )
returns: 0x0
0x7c93e512: NtProtectVirtualMemory 0089(arg 0xffffffff, arg 0x22e6b0, arg 0x22e72c, arg 0x20, arg 0x22e720, )
returns: 0x0
0x7c93e512: NtProtectVirtualMemory 0089(arg 0xffffffff, arg 0x22e6b0, arg 0x22e72c, arg 0x40, arg 0x22e720, )
returns: 0x0
0x7c93e512: NtProtectVirtualMemory 0089(arg 0xffffffff, arg 0x22e6b0, arg 0x22e72c, arg 0x20, arg 0x22e720, )
returns: 0x0
0x7c93e512: NtProtectVirtualMemory 0089(arg 0xffffffff, arg 0x22e6b0, arg 0x22e72c, arg 0x40, arg 0x22e720, )
returns: 0x0
0x7c93e512: NtProtectVirtualMemory 0089(arg 0xffffffff, arg 0x22e6b0, arg 0x22e72c, arg 0x20, arg 0x22e720, )
returns: 0x0
0x7c93e512: NtProtectVirtualMemory 0089(arg 0xffffffff, arg 0x22e6b0, arg 0x22e72c, arg 0x40, arg 0x22e720, )
returns: 0x0
0x7c93e512: NtProtectVirtualMemory 0089(arg 0xffffffff, arg 0x22e6b0, arg 0x22e72c, arg 0x20, arg 0x22e720, )
returns: 0x0
0x7c93e512: NtProtectVirtualMemory 0089(arg 0xffffffff, arg 0x22e6b0, arg 0x22e72c, arg 0x40, arg 0x22e720, )
returns: 0x0
0x7c93e512: NtProtectVirtualMemory 0089(arg 0xffffffff, arg 0x22e6b0, arg 0x22e72c, arg 0x20, arg 0x22e720, )
returns: 0x0
0x7c93e512: NtProtectVirtualMemory 0089(arg 0xffffffff, arg 0x22e6b0, arg 0x22e72c, arg 0x40, arg 0x22e720, )
returns: 0x0
0x7c93e512: NtProtectVirtualMemory 0089(arg 0xffffffff, arg 0x22e6b0, arg 0x22e72c, arg 0x20, arg 0x22e720, )
returns: 0x0
0x7c93e512: NtProtectVirtualMemory 0089(arg 0xffffffff, arg 0x22e6b0, arg 0x22e72c, arg 0x40, arg 0x22e720, )
returns: 0x0
0x7c93e512: NtProtectVirtualMemory 0089(arg 0xffffffff, arg 0x22e6b0, arg 0x22e72c, arg 0x20, arg 0x22e720, )
returns: 0x0
0x7c93e512: NtProtectVirtualMemory 0089(arg 0xffffffff, arg 0x22e6b0, arg 0x22e72c, arg 0x40, arg 0x22e720, )
returns: 0x0
0x7c93e512: NtProtectVirtualMemory 0089(arg 0xffffffff, arg 0x22e6b0, arg 0x22e72c, arg 0x20, arg 0x22e720, )
returns: 0x0
0x7c93e512: NtProtectVirtualMemory 0089(arg 0xffffffff, arg 0x22e6b0, arg 0x22e72c, arg 0x40, arg 0x22e720, )
returns: 0x0
0x7c93e512: NtProtectVirtualMemory 0089(arg 0xffffffff, arg 0x22e6b0, arg 0x22e72c, arg 0x20, arg 0x22e720, )
returns: 0x0
0x7c93e512: NtProtectVirtualMemory 0089(arg 0xffffffff, arg 0x22e6b0, arg 0x22e72c, arg 0x40, arg 0x22e720, )
returns: 0x0
0x7c93e512: NtProtectVirtualMemory 0089(arg 0xffffffff, arg 0x22e6b0, arg 0x22e72c, arg 0x20, arg 0x22e720, )
returns: 0x0
0x7c93e512: NtProtectVirtualMemory 0089(arg 0xffffffff, arg 0x22e6b0, arg 0x22e72c, arg 0x40, arg 0x22e720, )
returns: 0x0
0x7c93e512: NtProtectVirtualMemory 0089(arg 0xffffffff, arg 0x22e6b0, arg 0x22e72c, arg 0x20, arg 0x22e720, )
returns: 0x0
0x7c93e512: NtCreateSection 0032(arg 0x22e760, arg 0xf0007, arg 0x0, arg 0x22e74c, arg 0x4, arg 0x8000000, arg 0x0, )
returns: 0x0
0x7c93e512: NtMapViewOfSection 006c(arg 0x76c, arg 0xffffffff, arg 0x22e788, arg 0x0, arg 0x0, arg 0x22e76c, arg 0x22e784, arg 0x1, arg 0x0, arg 0x4, )
returns: 0x0
0x7c93e512: NtSetEvent 00db(arg 0x778, arg 0x0, )
returns: 0x0
0x7c93e512: NtReleaseMutant 00bc(arg 0x784, arg 0x0, )
returns: 0x0
0x7c93e512: NtReleaseMutant 00bc(arg 0x780, arg 0x0, )
returns: 0x0
0x7c93e512: NtUnmapViewOfSection 010b(arg 0xffffffff, arg 0x8480000, )
returns: 0x0
0x7c93e512: NtClose 0019(arg 0x76c, )
returns: 0x0
0x7c93e512: NtClose 0019(arg 0x768, )
returns: 0x0
0x7c93e512: NtFreeVirtualMemory 0053(arg 0xffffffff, arg 0x7ffdfe08, arg 0x7ffdfe00, arg 0x8000, )
returns: 0x0
0x7c93e512: NtSetInformationThread 00e5(arg 0xfffffffe, arg 0x9, arg 0x22fff8, arg 0x4, )
returns: 0x0
0x7c93e512: NtQueryVirtualMemory 00b2(arg 0xffffffff, arg 0x401110, arg 0x0, arg 0x22fd10, arg 0x1c, arg 0x22fcf4, )
returns: 0x0
0x7c93e512: NtQueryInformationProcess 009a(arg 0xffffffff, arg 0x24, arg 0x22fd28, arg 0x4, arg 0x0, )
returns: 0x0
0x7c93e512: NtQueryInformationProcess 009a(arg 0xffffffff, arg 0x24, arg 0x22fd28, arg 0x4, arg 0x0, )
returns: 0x0
0x7c93e512: NtQueryVirtualMemory 00b2(arg 0xffffffff, arg 0x77bd807c, arg 0x0, arg 0x22fd0c, arg 0x1c, arg 0x22fcf0, )
returns: 0x0
0x7c93e512: NtAllocateVirtualMemory 0011(arg 0xffffffff, arg 0x22f6f8, arg 0x0, arg 0x22f718, arg 0x1000, arg 0x4, )
returns: 0x0
0x7c93e512: NtRequestWaitReplyPort 00c8(arg 0x7ec, arg 0x22e8d4, arg 0x22e8d4, )
returns: 0x0
0x7c93e512: NtRequestWaitReplyPort 00c8(arg 0x7ec, arg 0x22e74c, arg 0x22e74c, )
returns: 0x0
0x7c93e512: NtRequestWaitReplyPort 00c8(arg 0x7ec, arg 0x22e704, arg 0x22e704, )
returns: 0x0
0x7c93e512: NtSetEvent 00db(arg 0x778, arg 0x0, )
returns: 0x0
0x7c93e512: NtReleaseMutant 00bc(arg 0x784, arg 0x0, )
returns: 0x0
0x7c93e512: NtReleaseMutant 00bc(arg 0x780, arg 0x0, )
returns: 0x0
0x7c93e512: NtClose 0019(arg 0x76c, )
returns: 0x0
0x7c93e512: NtReleaseMutant 00bc(arg 0x780, arg 0x0, )
returns: 0x0
0x7c93e512: NtClose 0019(arg 0x768, )
returns: 0x0
0x7c93e512: NtRequestWaitReplyPort 00c8(arg 0x7ec, arg 0x22ec0c, arg 0x22ec0c, )
returns: 0x0
0x7c93e512: NtCreateSection 0032(arg 0x22ec58, arg 0xf0007, arg 0x0, arg 0x22ec44, arg 0x4, arg 0x8000000, arg 0x0, )
returns: 0x0
0x7c93e512: NtMapViewOfSection 006c(arg 0x768, arg 0xffffffff, arg 0x22ec80, arg 0x0, arg 0x0, arg 0x22ec64, arg 0x22ec7c, arg 0x1, arg 0x0, arg 0x4, )
returns: 0x0
0x7c93e512: NtRequestWaitReplyPort 00c8(arg 0x7ec, arg 0x22ec2c, arg 0x22ec2c, )
returns: 0x0
0x7c93e512: NtSetEvent 00db(arg 0x778, arg 0x0, )
returns: 0x0
0x7c93e512: NtReleaseMutant 00bc(arg 0x784, arg 0x0, )
returns: 0x0
0x7c93e512: NtReleaseMutant 00bc(arg 0x780, arg 0x0, )
returns: 0x0
0x7c93e512: NtUnmapViewOfSection 010b(arg 0xffffffff, arg 0x8800000, )
returns: 0x0
0x7c93e512: NtClose 0019(arg 0x768, )
returns: 0x0
0x7c93e512: NtClose 0019(arg 0x76c, )
returns: 0x0
0x7c93e512: NtRequestWaitReplyPort 00c8(arg 0x7ec, arg 0x22ed3c, arg 0x22ed3c, )
returns: 0x0
0x7c93e512: NtRequestWaitReplyPort 00c8(arg 0x7ec, arg 0x22e8d4, arg 0x22e8d4, )
returns: 0x0
0x7c93e512: NtRequestWaitReplyPort 00c8(arg 0x7ec, arg 0x22e74c, arg 0x22e74c, )
returns: 0x0
0x7c93e512: NtRequestWaitReplyPort 00c8(arg 0x7ec, arg 0x22e704, arg 0x22e704, )
returns: 0x0
0x7c93e512: NtSetEvent 00db(arg 0x778, arg 0x0, )
returns: 0x0
0x7c93e512: NtReleaseMutant 00bc(arg 0x784, arg 0x0, )
returns: 0x0
0x7c93e512: NtReleaseMutant 00bc(arg 0x780, arg 0x0, )
returns: 0x0
0x7c93e512: NtClose 0019(arg 0x768, )
returns: 0x0
0x7c93e512: NtReleaseMutant 00bc(arg 0x780, arg 0x0, )
returns: 0x0
0x7c93e512: NtClose 0019(arg 0x76c, )
returns: 0x0
0x7c93e512: NtRequestWaitReplyPort 00c8(arg 0x7ec, arg 0x22ec0c, arg 0x22ec0c, )
returns: 0x0
0x7c93e512: NtCreateSection 0032(arg 0x22ec58, arg 0xf0007, arg 0x0, arg 0x22ec44, arg 0x4, arg 0x8000000, arg 0x0, )
returns: 0x0
0x7c93e512: NtMapViewOfSection 006c(arg 0x76c, arg 0xffffffff, arg 0x22ec80, arg 0x0, arg 0x0, arg 0x22ec64, arg 0x22ec7c, arg 0x1, arg 0x0, arg 0x4, )
returns: 0x0
0x7c93e512: NtRequestWaitReplyPort 00c8(arg 0x7ec, arg 0x22ec2c, arg 0x22ec2c, )
returns: 0x0
0x7c93e512: NtSetEvent 00db(arg 0x778, arg 0x0, )
returns: 0x0
0x7c93e512: NtReleaseMutant 00bc(arg 0x784, arg 0x0, )
returns: 0x0
0x7c93e512: NtReleaseMutant 00bc(arg 0x780, arg 0x0, )
returns: 0x0
0x7c93e512: NtUnmapViewOfSection 010b(arg 0xffffffff, arg 0x88f0000, )
returns: 0x0
0x7c93e512: NtClose 0019(arg 0x76c, )
returns: 0x0
0x7c93e512: NtClose 0019(arg 0x768, )
returns: 0x0
0x7c93e512: NtRequestWaitReplyPort 00c8(arg 0x7ec, arg 0x22ed3c, arg 0x22ed3c, )
returns: 0x0
0x7c93e512: NtCreateFile 0025(arg 0x22edb0, arg 0x40100080, arg 0x22ed50, arg 0x22ed88, arg 0x0, arg 0x80, arg 0x3, arg 0x5, arg 0x60, arg 0x0, arg 0x0, )
returns: 0x0
0x7c93e512: NtQueryVolumeInformationFile 00b3(arg 0x768, arg 0x22edd4, arg 0x22eddc, arg 0x8, arg 0x4, )
returns: 0x0
0x7c93e512: NtAllocateVirtualMemory 0011(arg 0xffffffff, arg 0x22ebd8, arg 0x0, arg 0x22ebf8, arg 0x1000, arg 0x4, )
returns: 0x0
0x7c93e512: NtWriteFile 0112(arg 0x768, arg 0x0, arg 0x0, arg 0x0, arg 0x22e8cc, arg 0x3d04008, arg 0x2, arg 0x0, arg 0x0, )
returns: 0x0
0x7c93e512: NtClose 0019(arg 0x768, )
returns: 0x0
0x7c93e512: NtRequestWaitReplyPort 00c8(arg 0x7ec, arg 0x22e8d4, arg 0x22e8d4, )
returns: 0x0
0x7c93e512: NtRequestWaitReplyPort 00c8(arg 0x7ec, arg 0x22e74c, arg 0x22e74c, )
returns: 0x0
0x7c93e512: NtRequestWaitReplyPort 00c8(arg 0x7ec, arg 0x22e704, arg 0x22e704, )
returns: 0x0
0x7c93e512: NtSetEvent 00db(arg 0x778, arg 0x0, )
returns: 0x0
0x7c93e512: NtReleaseMutant 00bc(arg 0x784, arg 0x0, )
returns: 0x0
0x7c93e512: NtReleaseMutant 00bc(arg 0x780, arg 0x0, )
returns: 0x0
0x7c93e512: NtClose 0019(arg 0x76c, )
returns: 0x0
0x7c93e512: NtReleaseMutant 00bc(arg 0x780, arg 0x0, )
returns: 0x0
0x7c93e512: NtClose 0019(arg 0x768, )
returns: 0x0
0x7c93e512: NtRequestWaitReplyPort 00c8(arg 0x7ec, arg 0x22e8d4, arg 0x22e8d4, )
returns: 0x0
0x7c93e512: NtRequestWaitReplyPort 00c8(arg 0x7ec, arg 0x22e74c, arg 0x22e74c, )
returns: 0x0
0x7c93e512: NtRequestWaitReplyPort 00c8(arg 0x7ec, arg 0x22e704, arg 0x22e704, )
returns: 0x0
0x7c93e512: NtSetEvent 00db(arg 0x778, arg 0x0, )
returns: 0x0
0x7c93e512: NtReleaseMutant 00bc(arg 0x784, arg 0x0, )
returns: 0x0
0x7c93e512: NtReleaseMutant 00bc(arg 0x780, arg 0x0, )
returns: 0x0
0x7c93e512: NtClose 0019(arg 0x76c, )
returns: 0x0
0x7c93e512: NtReleaseMutant 00bc(arg 0x780, arg 0x0, )
returns: 0x0
0x7c93e512: NtClose 0019(arg 0x768, )
returns: 0x0
0x7c93e512: NtRequestWaitReplyPort 00c8(arg 0x7ec, arg 0x22e8d4, arg 0x22e8d4, )
returns: 0x0
0x7c93e512: NtRequestWaitReplyPort 00c8(arg 0x7ec, arg 0x22e74c, arg 0x22e74c, )
returns: 0x0
0x7c93e512: NtRequestWaitReplyPort 00c8(arg 0x7ec, arg 0x22e704, arg 0x22e704, )
returns: 0x0
0x7c93e512: NtSetEvent 00db(arg 0x778, arg 0x0, )
returns: 0x0
0x7c93e512: NtReleaseMutant 00bc(arg 0x784, arg 0x0, )
returns: 0x0
0x7c93e512: NtReleaseMutant 00bc(arg 0x780, arg 0x0, )
returns: 0x0
0x7c93e512: NtClose 0019(arg 0x76c, )
returns: 0x0
0x7c93e512: NtReleaseMutant 00bc(arg 0x780, arg 0x0, )
returns: 0x0
0x7c93e512: NtClose 0019(arg 0x768, )
returns: 0x0
0x7c93e512: NtRequestWaitReplyPort 00c8(arg 0x7ec, arg 0x22e8d4, arg 0x22e8d4, )
returns: 0x0
0x7c93e512: NtRequestWaitReplyPort 00c8(arg 0x7ec, arg 0x22e74c, arg 0x22e74c, )
returns: 0x0
0x7c93e512: NtRequestWaitReplyPort 00c8(arg 0x7ec, arg 0x22e704, arg 0x22e704, )
returns: 0x0
0x7c93e512: NtSetEvent 00db(arg 0x778, arg 0x0, )
returns: 0x0
0x7c93e512: NtReleaseMutant 00bc(arg 0x784, arg 0x0, )
returns: 0x0
0x7c93e512: NtReleaseMutant 00bc(arg 0x780, arg 0x0, )
returns: 0x0
0x7c93e512: NtClose 0019(arg 0x76c, )
returns: 0x0
0x7c93e512: NtReleaseMutant 00bc(arg 0x780, arg 0x0, )
returns: 0x0
0x7c93e512: NtClose 0019(arg 0x768, )
returns: 0x0
0x7c93e512: NtRequestWaitReplyPort 00c8(arg 0x7ec, arg 0x22e8d4, arg 0x22e8d4, )
returns: 0x0
0x7c93e512: NtRequestWaitReplyPort 00c8(arg 0x7ec, arg 0x22e74c, arg 0x22e74c, )
returns: 0x0
0x7c93e512: NtRequestWaitReplyPort 00c8(arg 0x7ec, arg 0x22e704, arg 0x22e704, )
returns: 0x0
0x7c93e512: NtSetEvent 00db(arg 0x778, arg 0x0, )
returns: 0x0
0x7c93e512: NtReleaseMutant 00bc(arg 0x784, arg 0x0, )
returns: 0x0
0x7c93e512: NtReleaseMutant 00bc(arg 0x780, arg 0x0, )
returns: 0x0
0x7c93e512: NtClose 0019(arg 0x76c, )
returns: 0x0
0x7c93e512: NtReleaseMutant 00bc(arg 0x780, arg 0x0, )
returns: 0x0
0x7c93e512: NtClose 0019(arg 0x768, )
returns: 0x0
0x7c93e512: NtRequestWaitReplyPort 00c8(arg 0x7ec, arg 0x22e8d4, arg 0x22e8d4, )
returns: 0x0
0x7c93e512: NtRequestWaitReplyPort 00c8(arg 0x7ec, arg 0x22e74c, arg 0x22e74c, )
returns: 0x0
0x7c93e512: NtRequestWaitReplyPort 00c8(arg 0x7ec, arg 0x22e704, arg 0x22e704, )
returns: 0x0
0x7c93e512: NtSetEvent 00db(arg 0x778, arg 0x0, )
returns: 0x0
0x7c93e512: NtReleaseMutant 00bc(arg 0x784, arg 0x0, )
returns: 0x0
0x7c93e512: NtReleaseMutant 00bc(arg 0x780, arg 0x0, )
returns: 0x0
0x7c93e512: NtClose 0019(arg 0x76c, )
returns: 0x0
0x7c93e512: NtReleaseMutant 00bc(arg 0x780, arg 0x0, )
returns: 0x0
0x7c93e512: NtClose 0019(arg 0x768, )
returns: 0x0
0x7c93e512: NtRequestWaitReplyPort 00c8(arg 0x7ec, arg 0x22e8d4, arg 0x22e8d4, )
returns: 0x0
0x7c93e512: NtRequestWaitReplyPort 00c8(arg 0x7ec, arg 0x22e74c, arg 0x22e74c, )
returns: 0x0
0x7c93e512: NtRequestWaitReplyPort 00c8(arg 0x7ec, arg 0x22e704, arg 0x22e704, )
returns: 0x0
0x7c93e512: NtSetEvent 00db(arg 0x778, arg 0x0, )
returns: 0x0
0x7c93e512: NtReleaseMutant 00bc(arg 0x784, arg 0x0, )
returns: 0x0
0x7c93e512: NtReleaseMutant 00bc(arg 0x780, arg 0x0, )
returns: 0x0
0x7c93e512: NtClose 0019(arg 0x76c, )
returns: 0x0
0x7c93e512: NtReleaseMutant 00bc(arg 0x780, arg 0x0, )
returns: 0x0
0x7c93e512: NtClose 0019(arg 0x768, )
returns: 0x0
0x7c93e512: NtQueryInformationProcess 009a(arg 0xffffffff, arg 0x24, arg 0x22fce8, arg 0x4, arg 0x0, )
returns: 0x0
0x7c93e512: NtQueryInformationProcess 009a(arg 0xffffffff, arg 0x24, arg 0x22fce8, arg 0x4, arg 0x0, )
returns: 0x0
0x7c93e512: NtQueryVirtualMemory 00b2(arg 0xffffffff, arg 0x401110, arg 0x0, arg 0x22fccc, arg 0x1c, arg 0x22fcb0, )
returns: 0x0
0x7c93e512: NtTerminateProcess 0101(arg 0x0, arg 0x0, )
